<?xml version="1.0" encoding="UTF-8"?>
<testng-results skipped="0" failed="0" total="1" passed="1">
  <reporter-output>
  </reporter-output>
  <suite name="Default suite" duration-ms="34931" started-at="2021-02-13T15:52:44Z" finished-at="2021-02-13T15:53:19Z">
    <groups>
    </groups>
    <test name="Default test" duration-ms="34931" started-at="2021-02-13T15:52:44Z" finished-at="2021-02-13T15:53:19Z">
      <class name="Com.learnAutomation.testcases.Login_Test_CRM">
        <test-method status="PASS" signature="loginApp()[pri:0, instance:Com.learnAutomation.testcases.Login_Test_CRM@402a079c]" name="loginApp" duration-ms="34916" started-at="2021-02-13T21:22:44Z" finished-at="2021-02-13T21:23:19Z">
          <reporter-output>
          </reporter-output>
        </test-method> <!-- loginApp -->
      </class> <!-- Com.learnAutomation.testcases.Login_Test_CRM -->
    </test> <!-- Default test -->
  </suite> <!-- Default suite -->
</testng-results>
